  Application.cpp
  Button.cpp
  GameState.cpp
  main.cpp
  MainMenuState.cpp
C:\Users\zegar\OneDrive\Pulpit\chess-game\MainMenuState.cpp(37,78): warning C4244: "argument": konwersja z "T" do "T", możliwa utrata danych
          with
          [
              T=unsigned int
          ]
          and
          [
              T=float
          ]
C:\Users\zegar\OneDrive\Pulpit\chess-game\MainMenuState.cpp(37,57): warning C4244: "argument": konwersja z "T" do "T", możliwa utrata danych
          with
          [
              T=unsigned int
          ]
          and
          [
              T=float
          ]
  State.cpp
  Trwa generowanie kodu
  Previous IPDB not found, fall back to full compilation.
  All 569 functions were compiled because no usable IPDB/IOBJ from previous compilation was found.
  Zakończono generowanie kodu
  chess-game.vcxproj -> C:\Users\zegar\OneDrive\Pulpit\chess-game\x64\Release\chess-game.exe
